<?xml version="1.0" encoding="UTF-8"?>
<!-- Generated by org.testng.reporters.JUnitReportReporter -->
<testsuite skipped="0" hostname="Cheta" name="com.test.TestNGClass" tests="1" failures="0" timestamp="11 Nov 2019 06:48:41 GMT" time="0.015" errors="0">
  <testcase name="cTest" time="0.015" classname="com.test.TestNGClass"/>
</testsuite> <!-- com.test.TestNGClass -->
